2024-08-27 17:49:44,481 - pynng.nng - ERROR - Exception raised in pre pipe connect callback <function Subscribe.connect.<locals>.post_remove_cb at 0x7aa78b576d40>
Traceback (most recent call last):
  File "/usr/local/lib/python3.10/dist-packages/pynng/nng.py", line 1301, in _do_callbacks
    cb(pipe)
  File "/usr/local/lib/python3.10/dist-packages/motorcortex/subscribe.py", line 76, in post_remove_cb
    self.__clb.submit(state_update, self.__req, self, self.connectionState())
  File "/usr/lib/python3.10/concurrent/futures/thread.py", line 167, in submit
    raise RuntimeError('cannot schedule new futures after shutdown')
RuntimeError: cannot schedule new futures after shutdown
2024-08-27 17:54:47,575 - pynng.nng - ERROR - Exception raised in pre pipe connect callback <function Subscribe.connect.<locals>.post_remove_cb at 0x7cfae1d9ed40>
Traceback (most recent call last):
  File "/usr/local/lib/python3.10/dist-packages/pynng/nng.py", line 1301, in _do_callbacks
    cb(pipe)
  File "/usr/local/lib/python3.10/dist-packages/motorcortex/subscribe.py", line 76, in post_remove_cb
    self.__clb.submit(state_update, self.__req, self, self.connectionState())
  File "/usr/lib/python3.10/concurrent/futures/thread.py", line 167, in submit
    raise RuntimeError('cannot schedule new futures after shutdown')
RuntimeError: cannot schedule new futures after shutdown
2024-08-27 19:19:26,894 - pynng.nng - ERROR - Exception raised in pre pipe connect callback <function Subscribe.connect.<locals>.post_remove_cb at 0x7df125f9ed40>
Traceback (most recent call last):
  File "/usr/local/lib/python3.10/dist-packages/pynng/nng.py", line 1301, in _do_callbacks
    cb(pipe)
  File "/usr/local/lib/python3.10/dist-packages/motorcortex/subscribe.py", line 76, in post_remove_cb
    self.__clb.submit(state_update, self.__req, self, self.connectionState())
  File "/usr/lib/python3.10/concurrent/futures/thread.py", line 167, in submit
    raise RuntimeError('cannot schedule new futures after shutdown')
RuntimeError: cannot schedule new futures after shutdown
2024-08-28 13:23:43,368 - pynng.nng - ERROR - Exception raised in pre pipe connect callback <function Subscribe.connect.<locals>.post_remove_cb at 0x71e403d9ad40>
Traceback (most recent call last):
  File "/usr/local/lib/python3.10/dist-packages/pynng/nng.py", line 1301, in _do_callbacks
    cb(pipe)
  File "/usr/local/lib/python3.10/dist-packages/motorcortex/subscribe.py", line 76, in post_remove_cb
    self.__clb.submit(state_update, self.__req, self, self.connectionState())
  File "/usr/lib/python3.10/concurrent/futures/thread.py", line 167, in submit
    raise RuntimeError('cannot schedule new futures after shutdown')
RuntimeError: cannot schedule new futures after shutdown
2024-09-02 13:52:04,296 - pynng.nng - ERROR - Exception raised in pre pipe connect callback <function Subscribe.connect.<locals>.post_remove_cb at 0x72e56e2fad40>
Traceback (most recent call last):
  File "/usr/local/lib/python3.10/dist-packages/pynng/nng.py", line 1301, in _do_callbacks
    cb(pipe)
  File "/usr/local/lib/python3.10/dist-packages/motorcortex/subscribe.py", line 76, in post_remove_cb
    self.__clb.submit(state_update, self.__req, self, self.connectionState())
  File "/usr/lib/python3.10/concurrent/futures/thread.py", line 167, in submit
    raise RuntimeError('cannot schedule new futures after shutdown')
RuntimeError: cannot schedule new futures after shutdown
2024-09-02 13:54:32,066 - pynng.nng - ERROR - Exception raised in pre pipe connect callback <function Subscribe.connect.<locals>.post_remove_cb at 0x771f6eeced40>
Traceback (most recent call last):
  File "/usr/local/lib/python3.10/dist-packages/pynng/nng.py", line 1301, in _do_callbacks
    cb(pipe)
  File "/usr/local/lib/python3.10/dist-packages/motorcortex/subscribe.py", line 76, in post_remove_cb
    self.__clb.submit(state_update, self.__req, self, self.connectionState())
  File "/usr/lib/python3.10/concurrent/futures/thread.py", line 167, in submit
    raise RuntimeError('cannot schedule new futures after shutdown')
RuntimeError: cannot schedule new futures after shutdown
